code/loginscreen/app/build/intermediates/manifest_merge_blame_file/debug/processDebugMainManifest/manifest-merger-blame-debug-report.txt
1<?xml version="1.0" encoding="utf-8"?>
2<manifest xmlns:android="http://schemas.android.com/apk/res/android"
3    package="com.example.loginscreen"
4    android:versionCode="1"
5    android:versionName="1.0" >
6
7    <uses-sdk
8        android:minSdkVersion="24"
9        android:targetSdkVersion="35" />
10
11    <uses-permission android:name="android.permission.INTERNET" />
11-->src\main\AndroidManifest.xml:5:5-66
11-->src\main\AndroidManifest.xml:5:22-64
12    <uses-permission android:name="android.permission.ACCESS_NETWORK_STATE" />
12-->src\main\AndroidManifest.xml:6:5-78
12-->src\main\AndroidManifest.xml:6:22-76
13    <uses-permission android:name="android.permission.WAKE_LOCK" />
13-->[com.google.android.gms:play-services-measurement-api:22.2.0] AndroidManifest.xml:24:5-68
13-->[com.google.android.gms:play-services-measurement-api:22.2.0] AndroidManifest.xml:24:22-65
14    <uses-permission android:name="com.google.android.gms.permission.AD_ID" />
14-->[com.google.android.gms:play-services-measurement-api:22.2.0] AndroidManifest.xml:25:5-79
14-->[com.google.android.gms:play-services-measurement-api:22.2.0] AndroidManifest.xml:25:22-76
15    <uses-permission android:name="android.permission.ACCESS_ADSERVICES_ATTRIBUTION" />
15-->[com.google.android.gms:play-services-measurement-api:22.2.0] AndroidManifest.xml:26:5-88
15-->[com.google.android.gms:play-services-measurement-api:22.2.0] AndroidManifest.xml:26:22-85
16    <uses-permission android:name="android.permission.ACCESS_ADSERVICES_AD_ID" />
16-->[com.google.android.gms:play-services-measurement-api:22.2.0] AndroidManifest.xml:27:5-82
16-->[com.google.android.gms:play-services-measurement-api:22.2.0] AndroidManifest.xml:27:22-79
17    <uses-permission android:name="com.google.android.finsky.permission.BIND_GET_INSTALL_REFERRER_SERVICE" />
17-->[com.google.android.gms:play-services-measurement:22.2.0] AndroidManifest.xml:26:5-110
17-->[com.google.android.gms:play-services-measurement:22.2.0] AndroidManifest.xml:26:22-107
18    <uses-permission android:name="com.google.android.providers.gsf.permission.READ_GSERVICES" />
18-->[com.google.android.recaptcha:recaptcha:18.5.1] AndroidManifest.xml:9:5-98
18-->[com.google.android.recaptcha:recaptcha:18.5.1] AndroidManifest.xml:9:22-95
19
20    <permission
20-->[androidx.core:core:1.13.0] AndroidManifest.xml:22:5-24:47
21        android:name="com.example.loginscreen.DYNAMIC_RECEIVER_NOT_EXPORTED_PERMISSION"
21-->[androidx.core:core:1.13.0] AndroidManifest.xml:23:9-81
22        android:protectionLevel="signature" />
22-->[androidx.core:core:1.13.0] AndroidManifest.xml:24:9-44
23
24    <uses-permission android:name="com.example.loginscreen.DYNAMIC_RECEIVER_NOT_EXPORTED_PERMISSION" />
24-->[androidx.core:core:1.13.0] AndroidManifest.xml:26:5-97
24-->[androidx.core:core:1.13.0] AndroidManifest.xml:26:22-94
25
26    <application
26-->src\main\AndroidManifest.xml:8:5-64:19
27        android:allowBackup="true"
27-->src\main\AndroidManifest.xml:9:9-35
28        android:appComponentFactory="androidx.core.app.CoreComponentFactory"
28-->[androidx.core:core:1.13.0] AndroidManifest.xml:28:18-86
29        android:dataExtractionRules="@xml/data_extraction_rules"
29-->src\main\AndroidManifest.xml:10:9-65
30        android:debuggable="true"
31        android:extractNativeLibs="false"
32        android:fullBackupContent="@xml/backup_rules"
32-->src\main\AndroidManifest.xml:11:9-54
33        android:icon="@mipmap/ic_launcher"
33-->src\main\AndroidManifest.xml:12:9-43
34        android:label="@string/app_name"
34-->src\main\AndroidManifest.xml:13:9-41
35        android:roundIcon="@mipmap/ic_launcher_round"
35-->src\main\AndroidManifest.xml:14:9-54
36        android:supportsRtl="true"
36-->src\main\AndroidManifest.xml:15:9-35
37        android:testOnly="true"
38        android:theme="@style/Theme.Loginscreen" >
38-->src\main\AndroidManifest.xml:16:9-49
39        <meta-data
39-->src\main\AndroidManifest.xml:19:9-21:54
40            android:name="com.google.firebase.messaging.default_notification_icon"
40-->src\main\AndroidManifest.xml:20:13-83
41            android:resource="@mipmap/ic_launcher" />
41-->src\main\AndroidManifest.xml:21:13-51
42        <meta-data
42-->src\main\AndroidManifest.xml:22:9-24:55
43            android:name="com.google.firebase.messaging.default_notification_color"
43-->src\main\AndroidManifest.xml:23:13-84
44            android:resource="@android:color/white" />
44-->src\main\AndroidManifest.xml:24:13-52
45        <meta-data
45-->src\main\AndroidManifest.xml:26:9-28:54
46            android:name="com.google.firebase.analytics.APPLICATION_ID"
46-->src\main\AndroidManifest.xml:27:13-72
47            android:value="@string/google_api_key" />
47-->src\main\AndroidManifest.xml:28:13-51
48
49        <activity
49-->src\main\AndroidManifest.xml:30:9-33:56
50            android:name="com.example.loginscreen.RegisterActivity"
50-->src\main\AndroidManifest.xml:31:13-45
51            android:exported="false"
51-->src\main\AndroidManifest.xml:32:13-37
52            android:theme="@style/Theme.Loginscreen" />
52-->src\main\AndroidManifest.xml:33:13-53
53        <activity
53-->src\main\AndroidManifest.xml:34:9-37:56
54            android:name="com.example.loginscreen.MatchActionsActivity"
54-->src\main\AndroidManifest.xml:35:13-49
55            android:exported="false"
55-->src\main\AndroidManifest.xml:36:13-37
56            android:theme="@style/Theme.Loginscreen" />
56-->src\main\AndroidManifest.xml:37:13-53
57        <activity
57-->src\main\AndroidManifest.xml:38:9-41:56
58            android:name="com.example.loginscreen.ViewStatisticsActivity"
58-->src\main\AndroidManifest.xml:39:13-51
59            android:exported="false"
59-->src\main\AndroidManifest.xml:40:13-37
60            android:theme="@style/Theme.Loginscreen" />
60-->src\main\AndroidManifest.xml:41:13-53
61        <activity
61-->src\main\AndroidManifest.xml:42:9-45:56
62            android:name="com.example.loginscreen.PreviousMatchesActivity"
62-->src\main\AndroidManifest.xml:43:13-52
63            android:exported="false"
63-->src\main\AndroidManifest.xml:44:13-37
64            android:theme="@style/Theme.Loginscreen" />
64-->src\main\AndroidManifest.xml:45:13-53
65        <activity
65-->src\main\AndroidManifest.xml:46:9-49:56
66            android:name="com.example.loginscreen.CreateMatchActivity"
66-->src\main\AndroidManifest.xml:47:13-48
67            android:exported="false"
67-->src\main\AndroidManifest.xml:48:13-37
68            android:theme="@style/Theme.Loginscreen" />
68-->src\main\AndroidManifest.xml:49:13-53
69        <activity
69-->src\main\AndroidManifest.xml:50:9-53:56
70            android:name="com.example.loginscreen.MenuActivity"
70-->src\main\AndroidManifest.xml:51:13-41
71            android:exported="false"
71-->src\main\AndroidManifest.xml:52:13-37
72            android:theme="@style/Theme.Loginscreen" />
72-->src\main\AndroidManifest.xml:53:13-53
73        <activity
73-->src\main\AndroidManifest.xml:55:9-63:20
74            android:name="com.example.loginscreen.MainActivity"
74-->src\main\AndroidManifest.xml:56:13-41
75            android:exported="true"
75-->src\main\AndroidManifest.xml:57:13-36
76            android:theme="@style/Theme.Loginscreen" >
76-->src\main\AndroidManifest.xml:58:13-53
77            <intent-filter>
77-->src\main\AndroidManifest.xml:59:13-62:29
78                <action android:name="android.intent.action.MAIN" />
78-->src\main\AndroidManifest.xml:60:17-69
78-->src\main\AndroidManifest.xml:60:25-66
79
80                <category android:name="android.intent.category.LAUNCHER" />
80-->src\main\AndroidManifest.xml:61:17-77
80-->src\main\AndroidManifest.xml:61:27-74
81            </intent-filter>
82        </activity>
83
84        <service
84-->[com.google.firebase:firebase-database:21.0.0] AndroidManifest.xml:26:9-35:19
85            android:name="com.google.firebase.components.ComponentDiscoveryService"
85-->[com.google.firebase:firebase-database:21.0.0] AndroidManifest.xml:27:13-84
86            android:directBootAware="true"
86-->[com.google.firebase:firebase-common:21.0.0] AndroidManifest.xml:32:13-43
87            android:exported="false" >
87-->[com.google.firebase:firebase-database:21.0.0] AndroidManifest.xml:28:13-37
88            <meta-data
88-->[com.google.firebase:firebase-database:21.0.0] AndroidManifest.xml:29:13-31:85
89                android:name="com.google.firebase.components:com.google.firebase.database.FirebaseDatabaseKtxRegistrar"
89-->[com.google.firebase:firebase-database:21.0.0] AndroidManifest.xml:30:17-120
90                android:value="com.google.firebase.components.ComponentRegistrar" />
90-->[com.google.firebase:firebase-database:21.0.0] AndroidManifest.xml:31:17-82
91            <meta-data
91-->[com.google.firebase:firebase-database:21.0.0] AndroidManifest.xml:32:13-34:85
92                android:name="com.google.firebase.components:com.google.firebase.database.DatabaseRegistrar"
92-->[com.google.firebase:firebase-database:21.0.0] AndroidManifest.xml:33:17-109
93                android:value="com.google.firebase.components.ComponentRegistrar" />
93-->[com.google.firebase:firebase-database:21.0.0] AndroidManifest.xml:34:17-82
94            <meta-data
94-->[com.google.firebase:firebase-auth:23.1.0] AndroidManifest.xml:69:13-71:85
95                android:name="com.google.firebase.components:com.google.firebase.auth.FirebaseAuthRegistrar"
95-->[com.google.firebase:firebase-auth:23.1.0] AndroidManifest.xml:70:17-109
96                android:value="com.google.firebase.components.ComponentRegistrar" />
96-->[com.google.firebase:firebase-auth:23.1.0] AndroidManifest.xml:71:17-82
97            <meta-data
97-->[com.google.android.gms:play-services-measurement-api:22.2.0] AndroidManifest.xml:33:13-35:85
98                android:name="com.google.firebase.components:com.google.firebase.analytics.connector.internal.AnalyticsConnectorRegistrar"
98-->[com.google.android.gms:play-services-measurement-api:22.2.0] AndroidManifest.xml:34:17-139
99                android:value="com.google.firebase.components.ComponentRegistrar" />
99-->[com.google.android.gms:play-services-measurement-api:22.2.0] AndroidManifest.xml:35:17-82
100            <meta-data
100-->[com.google.firebase:firebase-installations:18.0.0] AndroidManifest.xml:15:13-17:85
101                android:name="com.google.firebase.components:com.google.firebase.installations.FirebaseInstallationsKtxRegistrar"
101-->[com.google.firebase:firebase-installations:18.0.0] AndroidManifest.xml:16:17-130
102                android:value="com.google.firebase.components.ComponentRegistrar" />
102-->[com.google.firebase:firebase-installations:18.0.0] AndroidManifest.xml:17:17-82
103            <meta-data
103-->[com.google.firebase:firebase-installations:18.0.0] AndroidManifest.xml:18:13-20:85
104                android:name="com.google.firebase.components:com.google.firebase.installations.FirebaseInstallationsRegistrar"
104-->[com.google.firebase:firebase-installations:18.0.0] AndroidManifest.xml:19:17-127
105                android:value="com.google.firebase.components.ComponentRegistrar" />
105-->[com.google.firebase:firebase-installations:18.0.0] AndroidManifest.xml:20:17-82
106            <meta-data
106-->[com.google.firebase:firebase-common-ktx:21.0.0] AndroidManifest.xml:12:13-14:85
107                android:name="com.google.firebase.components:com.google.firebase.ktx.FirebaseCommonLegacyRegistrar"
107-->[com.google.firebase:firebase-common-ktx:21.0.0] AndroidManifest.xml:13:17-116
108                android:value="com.google.firebase.components.ComponentRegistrar" />
108-->[com.google.firebase:firebase-common-ktx:21.0.0] AndroidManifest.xml:14:17-82
109            <meta-data
109-->[com.google.firebase:firebase-common:21.0.0] AndroidManifest.xml:35:13-37:85
110                android:name="com.google.firebase.components:com.google.firebase.FirebaseCommonKtxRegistrar"
110-->[com.google.firebase:firebase-common:21.0.0] AndroidManifest.xml:36:17-109
111                android:value="com.google.firebase.components.ComponentRegistrar" />
111-->[com.google.firebase:firebase-common:21.0.0] AndroidManifest.xml:37:17-82
112        </service>
113
114        <activity
114-->[com.google.firebase:firebase-auth:23.1.0] AndroidManifest.xml:29:9-46:20
115            android:name="com.google.firebase.auth.internal.GenericIdpActivity"
115-->[com.google.firebase:firebase-auth:23.1.0] AndroidManifest.xml:30:13-80
116            android:excludeFromRecents="true"
116-->[com.google.firebase:firebase-auth:23.1.0] AndroidManifest.xml:31:13-46
117            android:exported="true"
117-->[com.google.firebase:firebase-auth:23.1.0] AndroidManifest.xml:32:13-36
118            android:launchMode="singleTask"
118-->[com.google.firebase:firebase-auth:23.1.0] AndroidManifest.xml:33:13-44
119            android:theme="@android:style/Theme.Translucent.NoTitleBar" >
119-->[com.google.firebase:firebase-auth:23.1.0] AndroidManifest.xml:34:13-72
120            <intent-filter>
120-->[com.google.firebase:firebase-auth:23.1.0] AndroidManifest.xml:35:13-45:29
121                <action android:name="android.intent.action.VIEW" />
121-->[com.google.firebase:firebase-auth:23.1.0] AndroidManifest.xml:36:17-69
121-->[com.google.firebase:firebase-auth:23.1.0] AndroidManifest.xml:36:25-66
122
123                <category android:name="android.intent.category.DEFAULT" />
123-->[com.google.firebase:firebase-auth:23.1.0] AndroidManifest.xml:38:17-76
123-->[com.google.firebase:firebase-auth:23.1.0] AndroidManifest.xml:38:27-73
124                <category android:name="android.intent.category.BROWSABLE" />
124-->[com.google.firebase:firebase-auth:23.1.0] AndroidManifest.xml:39:17-78
124-->[com.google.firebase:firebase-auth:23.1.0] AndroidManifest.xml:39:27-75
125
126                <data
126-->[com.google.firebase:firebase-auth:23.1.0] AndroidManifest.xml:41:17-44:51
127                    android:host="firebase.auth"
127-->[com.google.firebase:firebase-auth:23.1.0] AndroidManifest.xml:42:21-49
128                    android:path="/"
128-->[com.google.firebase:firebase-auth:23.1.0] AndroidManifest.xml:43:21-37
129                    android:scheme="genericidp" />
129-->[com.google.firebase:firebase-auth:23.1.0] AndroidManifest.xml:44:21-48
130            </intent-filter>
131        </activity>
132        <activity
132-->[com.google.firebase:firebase-auth:23.1.0] AndroidManifest.xml:47:9-64:20
133            android:name="com.google.firebase.auth.internal.RecaptchaActivity"
133-->[com.google.firebase:firebase-auth:23.1.0] AndroidManifest.xml:48:13-79
134            android:excludeFromRecents="true"
134-->[com.google.firebase:firebase-auth:23.1.0] AndroidManifest.xml:49:13-46
135            android:exported="true"
135-->[com.google.firebase:firebase-auth:23.1.0] AndroidManifest.xml:50:13-36
136            android:launchMode="singleTask"
136-->[com.google.firebase:firebase-auth:23.1.0] AndroidManifest.xml:51:13-44
137            android:theme="@android:style/Theme.Translucent.NoTitleBar" >
137-->[com.google.firebase:firebase-auth:23.1.0] AndroidManifest.xml:52:13-72
138            <intent-filter>
138-->[com.google.firebase:firebase-auth:23.1.0] AndroidManifest.xml:53:13-63:29
139                <action android:name="android.intent.action.VIEW" />
139-->[com.google.firebase:firebase-auth:23.1.0] AndroidManifest.xml:36:17-69
139-->[com.google.firebase:firebase-auth:23.1.0] AndroidManifest.xml:36:25-66
140
141                <category android:name="android.intent.category.DEFAULT" />
141-->[com.google.firebase:firebase-auth:23.1.0] AndroidManifest.xml:38:17-76
141-->[com.google.firebase:firebase-auth:23.1.0] AndroidManifest.xml:38:27-73
142                <category android:name="android.intent.category.BROWSABLE" />
142-->[com.google.firebase:firebase-auth:23.1.0] AndroidManifest.xml:39:17-78
142-->[com.google.firebase:firebase-auth:23.1.0] AndroidManifest.xml:39:27-75
143
144                <data
144-->[com.google.firebase:firebase-auth:23.1.0] AndroidManifest.xml:41:17-44:51
145                    android:host="firebase.auth"
145-->[com.google.firebase:firebase-auth:23.1.0] AndroidManifest.xml:42:21-49
146                    android:path="/"
146-->[com.google.firebase:firebase-auth:23.1.0] AndroidManifest.xml:43:21-37
147                    android:scheme="recaptcha" />
147-->[com.google.firebase:firebase-auth:23.1.0] AndroidManifest.xml:44:21-48
148            </intent-filter>
149        </activity>
150
151        <provider
151-->[com.google.firebase:firebase-common:21.0.0] AndroidManifest.xml:23:9-28:39
152            android:name="com.google.firebase.provider.FirebaseInitProvider"
152-->[com.google.firebase:firebase-common:21.0.0] AndroidManifest.xml:24:13-77
153            android:authorities="com.example.loginscreen.firebaseinitprovider"
153-->[com.google.firebase:firebase-common:21.0.0] AndroidManifest.xml:25:13-72
154            android:directBootAware="true"
154-->[com.google.firebase:firebase-common:21.0.0] AndroidManifest.xml:26:13-43
155            android:exported="false"
155-->[com.google.firebase:firebase-common:21.0.0] AndroidManifest.xml:27:13-37
156            android:initOrder="100" />
156-->[com.google.firebase:firebase-common:21.0.0] AndroidManifest.xml:28:13-36
157
158        <receiver
158-->[com.google.android.gms:play-services-measurement:22.2.0] AndroidManifest.xml:29:9-33:20
159            android:name="com.google.android.gms.measurement.AppMeasurementReceiver"
159-->[com.google.android.gms:play-services-measurement:22.2.0] AndroidManifest.xml:30:13-85
160            android:enabled="true"
160-->[com.google.android.gms:play-services-measurement:22.2.0] AndroidManifest.xml:31:13-35
161            android:exported="false" >
161-->[com.google.android.gms:play-services-measurement:22.2.0] AndroidManifest.xml:32:13-37
162        </receiver>
163
164        <service
164-->[com.google.android.gms:play-services-measurement:22.2.0] AndroidManifest.xml:35:9-38:40
165            android:name="com.google.android.gms.measurement.AppMeasurementService"
165-->[com.google.android.gms:play-services-measurement:22.2.0] AndroidManifest.xml:36:13-84
166            android:enabled="true"
166-->[com.google.android.gms:play-services-measurement:22.2.0] AndroidManifest.xml:37:13-35
167            android:exported="false" />
167-->[com.google.android.gms:play-services-measurement:22.2.0] AndroidManifest.xml:38:13-37
168        <service
168-->[com.google.android.gms:play-services-measurement:22.2.0] AndroidManifest.xml:39:9-43:72
169            android:name="com.google.android.gms.measurement.AppMeasurementJobService"
169-->[com.google.android.gms:play-services-measurement:22.2.0] AndroidManifest.xml:40:13-87
170            android:enabled="true"
170-->[com.google.android.gms:play-services-measurement:22.2.0] AndroidManifest.xml:41:13-35
171            android:exported="false"
171-->[com.google.android.gms:play-services-measurement:22.2.0] AndroidManifest.xml:42:13-37
172            android:permission="android.permission.BIND_JOB_SERVICE" />
172-->[com.google.android.gms:play-services-measurement:22.2.0] AndroidManifest.xml:43:13-69
173        <service
173-->[androidx.credentials:credentials-play-services-auth:1.2.0-rc01] AndroidManifest.xml:24:9-32:19
174            android:name="androidx.credentials.playservices.CredentialProviderMetadataHolder"
174-->[androidx.credentials:credentials-play-services-auth:1.2.0-rc01] AndroidManifest.xml:25:13-94
175            android:enabled="true"
175-->[androidx.credentials:credentials-play-services-auth:1.2.0-rc01] AndroidManifest.xml:26:13-35
176            android:exported="false" >
176-->[androidx.credentials:credentials-play-services-auth:1.2.0-rc01] AndroidManifest.xml:27:13-37
177            <meta-data
177-->[androidx.credentials:credentials-play-services-auth:1.2.0-rc01] AndroidManifest.xml:29:13-31:104
178                android:name="androidx.credentials.CREDENTIAL_PROVIDER_KEY"
178-->[androidx.credentials:credentials-play-services-auth:1.2.0-rc01] AndroidManifest.xml:30:17-76
179                android:value="androidx.credentials.playservices.CredentialProviderPlayServicesImpl" />
179-->[androidx.credentials:credentials-play-services-auth:1.2.0-rc01] AndroidManifest.xml:31:17-101
180        </service>
181
182        <activity
182-->[androidx.credentials:credentials-play-services-auth:1.2.0-rc01] AndroidManifest.xml:34:9-41:20
183            android:name="androidx.credentials.playservices.HiddenActivity"
183-->[androidx.credentials:credentials-play-services-auth:1.2.0-rc01] AndroidManifest.xml:35:13-76
184            android:configChanges="orientation|screenSize|screenLayout|keyboardHidden"
184-->[androidx.credentials:credentials-play-services-auth:1.2.0-rc01] AndroidManifest.xml:36:13-87
185            android:enabled="true"
185-->[androidx.credentials:credentials-play-services-auth:1.2.0-rc01] AndroidManifest.xml:37:13-35
186            android:exported="false"
186-->[androidx.credentials:credentials-play-services-auth:1.2.0-rc01] AndroidManifest.xml:38:13-37
187            android:fitsSystemWindows="true"
187-->[androidx.credentials:credentials-play-services-auth:1.2.0-rc01] AndroidManifest.xml:39:13-45
188            android:theme="@style/Theme.Hidden" >
188-->[androidx.credentials:credentials-play-services-auth:1.2.0-rc01] AndroidManifest.xml:40:13-48
189        </activity>
190        <activity
190-->[com.google.android.gms:play-services-auth:20.7.0] AndroidManifest.xml:23:9-27:75
191            android:name="com.google.android.gms.auth.api.signin.internal.SignInHubActivity"
191-->[com.google.android.gms:play-services-auth:20.7.0] AndroidManifest.xml:24:13-93
192            android:excludeFromRecents="true"
192-->[com.google.android.gms:play-services-auth:20.7.0] AndroidManifest.xml:25:13-46
193            android:exported="false"
193-->[com.google.android.gms:play-services-auth:20.7.0] AndroidManifest.xml:26:13-37
194            android:theme="@android:style/Theme.Translucent.NoTitleBar" />
194-->[com.google.android.gms:play-services-auth:20.7.0] AndroidManifest.xml:27:13-72
195        <!--
196            Service handling Google Sign-In user revocation. For apps that do not integrate with
197            Google Sign-In, this service will never be started.
198        -->
199        <service
199-->[com.google.android.gms:play-services-auth:20.7.0] AndroidManifest.xml:33:9-37:51
200            android:name="com.google.android.gms.auth.api.signin.RevocationBoundService"
200-->[com.google.android.gms:play-services-auth:20.7.0] AndroidManifest.xml:34:13-89
201            android:exported="true"
201-->[com.google.android.gms:play-services-auth:20.7.0] AndroidManifest.xml:35:13-36
202            android:permission="com.google.android.gms.auth.api.signin.permission.REVOCATION_NOTIFICATION"
202-->[com.google.android.gms:play-services-auth:20.7.0] AndroidManifest.xml:36:13-107
203            android:visibleToInstantApps="true" />
203-->[com.google.android.gms:play-services-auth:20.7.0] AndroidManifest.xml:37:13-48
204
205        <uses-library
205-->[androidx.window:window:1.0.0] AndroidManifest.xml:25:9-27:40
206            android:name="androidx.window.extensions"
206-->[androidx.window:window:1.0.0] AndroidManifest.xml:26:13-54
207            android:required="false" />
207-->[androidx.window:window:1.0.0] AndroidManifest.xml:27:13-37
208        <uses-library
208-->[androidx.window:window:1.0.0] AndroidManifest.xml:28:9-30:40
209            android:name="androidx.window.sidecar"
209-->[androidx.window:window:1.0.0] AndroidManifest.xml:29:13-51
210            android:required="false" />
210-->[androidx.window:window:1.0.0] AndroidManifest.xml:30:13-37
211
212        <provider
212-->[androidx.emoji2:emoji2:1.3.0] AndroidManifest.xml:24:9-32:20
213            android:name="androidx.startup.InitializationProvider"
213-->[androidx.emoji2:emoji2:1.3.0] AndroidManifest.xml:25:13-67
214            android:authorities="com.example.loginscreen.androidx-startup"
214-->[androidx.emoji2:emoji2:1.3.0] AndroidManifest.xml:26:13-68
215            android:exported="false" >
215-->[androidx.emoji2:emoji2:1.3.0] AndroidManifest.xml:27:13-37
216            <meta-data
216-->[androidx.emoji2:emoji2:1.3.0] AndroidManifest.xml:29:13-31:52
217                android:name="androidx.emoji2.text.EmojiCompatInitializer"
217-->[androidx.emoji2:emoji2:1.3.0] AndroidManifest.xml:30:17-75
218                android:value="androidx.startup" />
218-->[androidx.emoji2:emoji2:1.3.0] AndroidManifest.xml:31:17-49
219            <meta-data
219-->[androidx.lifecycle:lifecycle-process:2.6.2] AndroidManifest.xml:29:13-31:52
220                android:name="androidx.lifecycle.ProcessLifecycleInitializer"
220-->[androidx.lifecycle:lifecycle-process:2.6.2] AndroidManifest.xml:30:17-78
221                android:value="androidx.startup" />
221-->[androidx.lifecycle:lifecycle-process:2.6.2] AndroidManifest.xml:31:17-49
222            <meta-data
222-->[androidx.profileinstaller:profileinstaller:1.4.0] AndroidManifest.xml:29:13-31:52
223                android:name="androidx.profileinstaller.ProfileInstallerInitializer"
223-->[androidx.profileinstaller:profileinstaller:1.4.0] AndroidManifest.xml:30:17-85
224                android:value="androidx.startup" />
224-->[androidx.profileinstaller:profileinstaller:1.4.0] AndroidManifest.xml:31:17-49
225        </provider>
226
227        <uses-library
227-->[androidx.privacysandbox.ads:ads-adservices:1.0.0-beta05] AndroidManifest.xml:23:9-25:40
228            android:name="android.ext.adservices"
228-->[androidx.privacysandbox.ads:ads-adservices:1.0.0-beta05] AndroidManifest.xml:24:13-50
229            android:required="false" />
229-->[androidx.privacysandbox.ads:ads-adservices:1.0.0-beta05] AndroidManifest.xml:25:13-37
230
231        <activity
231-->[com.google.android.gms:play-services-base:18.5.0] AndroidManifest.xml:5:9-173
232            android:name="com.google.android.gms.common.api.GoogleApiActivity"
232-->[com.google.android.gms:play-services-base:18.5.0] AndroidManifest.xml:5:19-85
233            android:exported="false"
233-->[com.google.android.gms:play-services-base:18.5.0] AndroidManifest.xml:5:146-170
234            android:theme="@android:style/Theme.Translucent.NoTitleBar" />
234-->[com.google.android.gms:play-services-base:18.5.0] AndroidManifest.xml:5:86-145
235
236        <meta-data
236-->[com.google.android.gms:play-services-basement:18.5.0] AndroidManifest.xml:21:9-23:69
237            android:name="com.google.android.gms.version"
237-->[com.google.android.gms:play-services-basement:18.5.0] AndroidManifest.xml:22:13-58
238            android:value="@integer/google_play_services_version" />
238-->[com.google.android.gms:play-services-basement:18.5.0] AndroidManifest.xml:23:13-66
239
240        <receiver
240-->[androidx.profileinstaller:profileinstaller:1.4.0] AndroidManifest.xml:34:9-52:20
241            android:name="androidx.profileinstaller.ProfileInstallReceiver"
241-->[androidx.profileinstaller:profileinstaller:1.4.0] AndroidManifest.xml:35:13-76
242            android:directBootAware="false"
242-->[androidx.profileinstaller:profileinstaller:1.4.0] AndroidManifest.xml:36:13-44
243            android:enabled="true"
243-->[androidx.profileinstaller:profileinstaller:1.4.0] AndroidManifest.xml:37:13-35
244            android:exported="true"
244-->[androidx.profileinstaller:profileinstaller:1.4.0] AndroidManifest.xml:38:13-36
245            android:permission="android.permission.DUMP" >
245-->[androidx.profileinstaller:profileinstaller:1.4.0] AndroidManifest.xml:39:13-57
246            <intent-filter>
246-->[androidx.profileinstaller:profileinstaller:1.4.0] AndroidManifest.xml:40:13-42:29
247                <action android:name="androidx.profileinstaller.action.INSTALL_PROFILE" />
247-->[androidx.profileinstaller:profileinstaller:1.4.0] AndroidManifest.xml:41:17-91
247-->[androidx.profileinstaller:profileinstaller:1.4.0] AndroidManifest.xml:41:25-88
248            </intent-filter>
249            <intent-filter>
249-->[androidx.profileinstaller:profileinstaller:1.4.0] AndroidManifest.xml:43:13-45:29
250                <action android:name="androidx.profileinstaller.action.SKIP_FILE" />
250-->[androidx.profileinstaller:profileinstaller:1.4.0] AndroidManifest.xml:44:17-85
250-->[androidx.profileinstaller:profileinstaller:1.4.0] AndroidManifest.xml:44:25-82
251            </intent-filter>
252            <intent-filter>
252-->[androidx.profileinstaller:profileinstaller:1.4.0] AndroidManifest.xml:46:13-48:29
253                <action android:name="androidx.profileinstaller.action.SAVE_PROFILE" />
253-->[androidx.profileinstaller:profileinstaller:1.4.0] AndroidManifest.xml:47:17-88
253-->[androidx.profileinstaller:profileinstaller:1.4.0] AndroidManifest.xml:47:25-85
254            </intent-filter>
255            <intent-filter>
255-->[androidx.profileinstaller:profileinstaller:1.4.0] AndroidManifest.xml:49:13-51:29
256                <action android:name="androidx.profileinstaller.action.BENCHMARK_OPERATION" />
256-->[androidx.profileinstaller:profileinstaller:1.4.0] AndroidManifest.xml:50:17-95
256-->[androidx.profileinstaller:profileinstaller:1.4.0] AndroidManifest.xml:50:25-92
257            </intent-filter>
258        </receiver> <!-- The activities will be merged into the manifest of the hosting app. -->
259        <activity
259-->[com.google.android.play:core-common:2.0.3] AndroidManifest.xml:14:9-18:65
260            android:name="com.google.android.play.core.common.PlayCoreDialogWrapperActivity"
260-->[com.google.android.play:core-common:2.0.3] AndroidManifest.xml:15:13-93
261            android:exported="false"
261-->[com.google.android.play:core-common:2.0.3] AndroidManifest.xml:16:13-37
262            android:stateNotNeeded="true"
262-->[com.google.android.play:core-common:2.0.3] AndroidManifest.xml:17:13-42